서버가 http://localhost:8080 에서 실행 중입니다.
MySQL에 정상 접속.
{}
{}
{}
{}
{}
{}
{}
{}
{}
{}
{}
{}
{}
{}
{}
{}
{}
{}
{}
{}
{}
{}
{}
{}
{}
{}
{}
{}
{}
[]
[
  {
    school: '강화초등학교',
    schoolType: '초등학교',
    name: '홍석진',
    phone: '0321234123',
    password: '$2b$10$G.R/BDvWSqZCg0PETbFkOev0oYTpYk3ck09Bw3EnV53wt3FQQ10WK'
  }
]
1
성공
{}
[]
[
  {
    school: '갑룡초등학교',
    schoolType: '초등학교',
    name: '홍석진',
    phone: '0321234123',
    password: '$2b$10$NSSZRZ95teMgI8PBxf2LHOYT77.yOMcJMeyDUkovMlco3u8GOr1gi'
  }
]
1
성공
Error: Incorrect DATE value: '[object HTMLInputElement]'
    at PromisePoolConnection.query (/home/hongseogjin/ice-register/node_modules/mysql2/promise.js:94:22)
    at /home/hongseogjin/ice-register/apis/api.js:271:39
    at process.processTicksAndRejections (node:internal/process/task_queues:95:5) {
  code: 'ER_WRONG_VALUE',
  errno: 1525,
  sql: "SELECT SUM(CAST(classes AS UNSIGNED)) AS totalClasses FROM studentApp WHERE date = '[object HTMLInputElement]'",
  sqlState: 'HY000',
  sqlMessage: "Incorrect DATE value: '[object HTMLInputElement]'"
}
Error: Incorrect DATE value: '[object HTMLInputElement]'
    at PromisePoolConnection.query (/home/hongseogjin/ice-register/node_modules/mysql2/promise.js:94:22)
    at /home/hongseogjin/ice-register/apis/api.js:271:39
    at process.processTicksAndRejections (node:internal/process/task_queues:95:5) {
  code: 'ER_WRONG_VALUE',
  errno: 1525,
  sql: "SELECT SUM(CAST(classes AS UNSIGNED)) AS totalClasses FROM studentApp WHERE date = '[object HTMLInputElement]'",
  sqlState: 'HY000',
  sqlMessage: "Incorrect DATE value: '[object HTMLInputElement]'"
}
Error: Incorrect DATE value: '[object HTMLInputElement]'
    at PromisePoolConnection.query (/home/hongseogjin/ice-register/node_modules/mysql2/promise.js:94:22)
    at /home/hongseogjin/ice-register/apis/api.js:271:39
    at process.processTicksAndRejections (node:internal/process/task_queues:95:5) {
  code: 'ER_WRONG_VALUE',
  errno: 1525,
  sql: "SELECT SUM(CAST(classes AS UNSIGNED)) AS totalClasses FROM studentApp WHERE date = '[object HTMLInputElement]'",
  sqlState: 'HY000',
  sqlMessage: "Incorrect DATE value: '[object HTMLInputElement]'"
}
Error: Incorrect DATE value: '[object HTMLInputElement]'
    at PromisePoolConnection.query (/home/hongseogjin/ice-register/node_modules/mysql2/promise.js:94:22)
    at /home/hongseogjin/ice-register/apis/api.js:271:39
    at process.processTicksAndRejections (node:internal/process/task_queues:95:5) {
  code: 'ER_WRONG_VALUE',
  errno: 1525,
  sql: "SELECT SUM(CAST(classes AS UNSIGNED)) AS totalClasses FROM studentApp WHERE date = '[object HTMLInputElement]'",
  sqlState: 'HY000',
  sqlMessage: "Incorrect DATE value: '[object HTMLInputElement]'"
}
[
  ResultSetHeader {
    fieldCount: 0,
    affectedRows: 1,
    insertId: 8,
    info: '',
    serverStatus: 2,
    warningStatus: 0,
    changedRows: 0
  },
  undefined
]
ResultSetHeader {
  fieldCount: 0,
  affectedRows: 1,
  insertId: 8,
  info: '',
  serverStatus: 2,
  warningStatus: 0,
  changedRows: 0
}
1
성공
[
  ResultSetHeader {
    fieldCount: 0,
    affectedRows: 1,
    insertId: 9,
    info: '',
    serverStatus: 2,
    warningStatus: 0,
    changedRows: 0
  },
  undefined
]
ResultSetHeader {
  fieldCount: 0,
  affectedRows: 1,
  insertId: 9,
  info: '',
  serverStatus: 2,
  warningStatus: 0,
  changedRows: 0
}
1
성공
[
  ResultSetHeader {
    fieldCount: 0,
    affectedRows: 1,
    insertId: 10,
    info: '',
    serverStatus: 2,
    warningStatus: 0,
    changedRows: 0
  },
  undefined
]
ResultSetHeader {
  fieldCount: 0,
  affectedRows: 1,
  insertId: 10,
  info: '',
  serverStatus: 2,
  warningStatus: 0,
  changedRows: 0
}
1
성공
[
  ResultSetHeader {
    fieldCount: 0,
    affectedRows: 1,
    insertId: 11,
    info: '',
    serverStatus: 2,
    warningStatus: 0,
    changedRows: 0
  },
  undefined
]
ResultSetHeader {
  fieldCount: 0,
  affectedRows: 1,
  insertId: 11,
  info: '',
  serverStatus: 2,
  warningStatus: 0,
  changedRows: 0
}
1
성공
{}
8
9
10
11
{}
{}
{}
{}
{}
[]
[
  {
    school: '강화초등학교',
    schoolType: '초등학교',
    name: '321',
    phone: '0323213211',
    password: '$2b$10$v8O6rbW5HNEtcPAK3YJ/s.AQc/Ah4W6MvkDV79qZzbLVmE0w5BupK'
  }
]
1
성공
[
  ResultSetHeader {
    fieldCount: 0,
    affectedRows: 1,
    insertId: 12,
    info: '',
    serverStatus: 2,
    warningStatus: 0,
    changedRows: 0
  },
  undefined
]
ResultSetHeader {
  fieldCount: 0,
  affectedRows: 1,
  insertId: 12,
  info: '',
  serverStatus: 2,
  warningStatus: 0,
  changedRows: 0
}
1
성공
12
성공
3
{}
{}
{}
node:events:492
      throw er; // Unhandled 'error' event
      ^

Error: listen EACCES: permission denied 0.0.0.0:80
    at Server.setupListenHandle [as _listen2] (node:net:1734:21)
    at listenInCluster (node:net:1799:12)
    at Server.listen (node:net:1887:7)
    at Function.listen (/home/hongseogjin/ice-register/node_modules/express/lib/application.js:635:24)
    at Object.<anonymous> (/home/hongseogjin/ice-register/index.js:85:5)
    at Module._compile (node:internal/modules/cjs/loader:1256:14)
    at Module._extensions..js (node:internal/modules/cjs/loader:1310:10)
    at Module.load (node:internal/modules/cjs/loader:1119:32)
    at Module._load (node:internal/modules/cjs/loader:960:12)
    at Function.executeUserEntryPoint [as runMain] (node:internal/modules/run_main:81:12)
Emitted 'error' event on Server instance at:
    at emitErrorNT (node:net:1778:8)
    at process.processTicksAndRejections (node:internal/process/task_queues:82:21) {
  code: 'EACCES',
  errno: -13,
  syscall: 'listen',
  address: '0.0.0.0',
  port: 80
}

Node.js v18.17.0
서버가 http://localhost:8080 에서 실행 중입니다.
MySQL에 정상 접속.
서버가 http://localhost:8080 에서 실행 중입니다.
MySQL에 정상 접속.
서버가 http://localhost:8080 에서 실행 중입니다.
MySQL에 정상 접속.
{}
[
  {
    id: 33,
    school: '강화초등학교',
    schoolType: '초등학교',
    name: '321',
    phone: '0323213211',
    password: '$2b$10$v8O6rbW5HNEtcPAK3YJ/s.AQc/Ah4W6MvkDV79qZzbLVmE0w5BupK'
  }
]
{}
[]
[
  {
    school: '인천석암초등학교',
    schoolType: '초등학교',
    name: '남이현',
    phone: '0321234567',
    password: '$2b$10$tIA4cawKh4dDAwKRsd98.eETr8qpp7.qSJh6xg0F3uZl8apOXIW/W'
  }
]
1
성공
[
  ResultSetHeader {
    fieldCount: 0,
    affectedRows: 1,
    insertId: 13,
    info: '',
    serverStatus: 2,
    warningStatus: 0,
    changedRows: 0
  },
  undefined
]
ResultSetHeader {
  fieldCount: 0,
  affectedRows: 1,
  insertId: 13,
  info: '',
  serverStatus: 2,
  warningStatus: 0,
  changedRows: 0
}
1
성공
13
